a:\dev\applications\sfml\kinebaticengine\obj\x64\debug\kinebatic\kinebatic.pch
a:\dev\applications\sfml\kinebaticengine\obj\x64\debug\kinebatic\vc143.pdb
a:\dev\applications\sfml\kinebaticengine\obj\x64\debug\kinebatic\vc143.idb
a:\dev\applications\sfml\kinebaticengine\obj\x64\debug\kinebatic\gameobject.obj
a:\dev\applications\sfml\kinebaticengine\obj\x64\debug\kinebatic\scene.obj
a:\dev\applications\sfml\kinebaticengine\obj\x64\debug\kinebatic\kbpdh.obj
a:\dev\applications\sfml\kinebaticengine\obj\x64\debug\kinebatic\application.obj
a:\dev\applications\sfml\kinebaticengine\bin\x64\debug\kinebatic\kinebatic.dll
a:\dev\applications\sfml\kinebaticengine\bin\x64\debug\kinebatic\kinebatic.pdb
a:\dev\applications\sfml\kinebaticengine\bin\x64\debug\kinebatic\kinebatic.lib
a:\dev\applications\sfml\kinebaticengine\bin\x64\debug\kinebatic\kinebatic.exp
a:\dev\applications\sfml\kinebaticengine\obj\x64\debug\kinebatic\kinebatic.ilk
a:\dev\applications\sfml\kinebaticengine\\bin\x64\debug\kinebatic\kinebatic.pdb
a:\dev\applications\sfml\kinebaticengine\\obj\x64\debug\kinebatic\kinebatic.vcxproj.filelistabsolute.txt
a:\dev\applications\sfml\kinebaticengine\obj\x64\debug\kinebatic\kinebatic.tlog\cl.command.1.tlog
a:\dev\applications\sfml\kinebaticengine\obj\x64\debug\kinebatic\kinebatic.tlog\cl.items.tlog
a:\dev\applications\sfml\kinebaticengine\obj\x64\debug\kinebatic\kinebatic.tlog\cl.read.1.tlog
a:\dev\applications\sfml\kinebaticengine\obj\x64\debug\kinebatic\kinebatic.tlog\cl.write.1.tlog
a:\dev\applications\sfml\kinebaticengine\obj\x64\debug\kinebatic\kinebatic.tlog\link.command.1.tlog
a:\dev\applications\sfml\kinebaticengine\obj\x64\debug\kinebatic\kinebatic.tlog\link.read.1.tlog
a:\dev\applications\sfml\kinebaticengine\obj\x64\debug\kinebatic\kinebatic.tlog\link.secondary.1.tlog
a:\dev\applications\sfml\kinebaticengine\obj\x64\debug\kinebatic\kinebatic.tlog\link.write.1.tlog
