a:\dev\applications\sfml\kinebaticengine\obj\x64\debug\sandbox\vc143.pdb
a:\dev\applications\sfml\kinebaticengine\obj\x64\debug\sandbox\vc143.idb
a:\dev\applications\sfml\kinebaticengine\obj\x64\debug\sandbox\app.obj
a:\dev\applications\sfml\kinebaticengine\obj\x64\debug\sandbox\level1.obj
a:\dev\applications\sfml\kinebaticengine\obj\x64\debug\sandbox\square.obj
a:\dev\applications\sfml\kinebaticengine\obj\x64\debug\sandbox\kbsquare.obj
a:\dev\applications\sfml\kinebaticengine\\bin\x64\debug\sandbox\sandbox.pdb
a:\dev\applications\sfml\kinebaticengine\\obj\x64\debug\sandbox\sandbox.vcxproj.filelistabsolute.txt
a:\dev\applications\sfml\kinebaticengine\obj\x64\debug\sandbox\sandbox.tlog\cl.command.1.tlog
a:\dev\applications\sfml\kinebaticengine\obj\x64\debug\sandbox\sandbox.tlog\cl.read.1.tlog
a:\dev\applications\sfml\kinebaticengine\obj\x64\debug\sandbox\sandbox.tlog\cl.write.1.tlog
a:\dev\applications\sfml\kinebaticengine\obj\x64\debug\sandbox\sandbox.tlog\link-cvtres.read.1.tlog
a:\dev\applications\sfml\kinebaticengine\obj\x64\debug\sandbox\sandbox.tlog\link-cvtres.write.1.tlog
a:\dev\applications\sfml\kinebaticengine\obj\x64\debug\sandbox\sandbox.tlog\link-rc.read.1.tlog
a:\dev\applications\sfml\kinebaticengine\obj\x64\debug\sandbox\sandbox.tlog\link-rc.write.1.tlog
a:\dev\applications\sfml\kinebaticengine\obj\x64\debug\sandbox\sandbox.tlog\link.command.1.tlog
a:\dev\applications\sfml\kinebaticengine\obj\x64\debug\sandbox\sandbox.tlog\link.read.1.tlog
a:\dev\applications\sfml\kinebaticengine\obj\x64\debug\sandbox\sandbox.tlog\link.read.2.tlog
a:\dev\applications\sfml\kinebaticengine\obj\x64\debug\sandbox\sandbox.tlog\link.read.3.tlog
a:\dev\applications\sfml\kinebaticengine\obj\x64\debug\sandbox\sandbox.tlog\link.read.4.tlog
a:\dev\applications\sfml\kinebaticengine\obj\x64\debug\sandbox\sandbox.tlog\link.write.1.tlog
